Time resolution is 1 ps
UVM_INFO D:/Programme_Universitaet/Vivado2022/Vivado/2022.2/data/system_verilog/uvm_1.2/xlnx_uvm_package.sv(18601) @ 0: reporter [UVM/RELNOTES] 
      (Specify +UVM_NO_RELNOTES to turn off this notice)
  with `UVM_OBJECT_DO_NOT_NEED_CONSTRUCTOR undefined.

  You are using a version of the UVM library that has been compiled
  with `UVM_NO_DEPRECATED undefined.

  You are using a version of the UVM library that has been compiled

  ***********       IMPORTANT RELEASE NOTES         ************
----------------------------------------------------------------
(C) 2013-2014 NVIDIA Corporation
(C) 2011-2013 Cypress Semiconductor Corp.
(C) 2006-2014 Synopsys, Inc.
(C) 2007-2014 Cadence Design Systems, Inc.
(C) 2007-2014 Mentor Graphics Corporation


----------------------------------------------------------------

UVM_FATAL @ 0: reporter [NOCOMP] No components instantiated. You must either instantiate at least one component before calling run_test or use run_test to do so. To run a test using run_test, use +UVM_TESTNAME or supply the test name in the argument to run_test(). Exiting simulation.
UVM_INFO D:/Programme_Universitaet/Vivado2022/Vivado/2022.2/data/system_verilog/uvm_1.2/xlnx_uvm_package.sv(13673) @ 0: reporter [UVM/REPORT/SERVER] [UVM/RELNOTES]     1
[NOCOMP]     1
** Report counts by id
UVM_FATAL :    1
UVM_ERROR :    0
UVM_WARNING :    0
UVM_INFO :    1
** Report counts by severity

--- UVM Report Summary ---


WARNING: The Functional Coverage Database has not been updated during simulation. Please recheck testbench to confirm that covergroups are being instantiated correctly and rerun simulation.
$finish called at time : 0 fs : File "D:/Programme_Universitaet/Vivado2022/Vivado/2022.2/data/system_verilog/uvm_1.2/xlnx_uvm_package.sv" Line 18538
